SINGLE SHOT FULL FINE TUNING

mean: tensor([0.8116, 0.7858, 0.7380])
std: tensor([0.2730, 0.2863, 0.3374])

lr=0.01 e=0: train acc 0.18138708174228668 | val acc 0.1923990547657013
lr=0.01 e=1: train acc 0.38055720925331116 | val acc 0.3420427739620209
lr=0.01 e=2: train acc 0.40130409598350525 | val acc 0.3824228048324585
lr=0.01 e=3: train acc 0.61885005235672 | val acc 0.5938242673873901
lr=0.01 e=4: train acc 0.755779504776001 | val acc 0.6745843291282654
lr=0.01 e=5: train acc 0.7119146585464478 | val acc 0.6603325605392456
lr=0.01 e=6: train acc 0.7640782594680786 | val acc 0.6888361573219299
lr=0.01 e=7: train acc 0.8156490921974182 | val acc 0.6959620118141174
lr=0.01 e=8: train acc 0.8589211702346802 | val acc 0.7244656085968018
lr=0.01 e=9: train acc 0.9395377039909363 | val acc 0.7885985970497131
lr=0.01 e=10: train acc 0.9324244856834412 | val acc 0.7909739017486572
lr=0.01 e=11: train acc 0.8375815153121948 | val acc 0.7149643898010254
lr=0.01 e=12: train acc 0.9419087767601013 | val acc 0.7767221331596375
lr=0.01 e=13: train acc 0.9863663911819458 | val acc 0.8479810357093811
lr=0.01 e=14: train acc 0.9756965637207031 | val acc 0.8313539624214172
lr=0.01 e=15: train acc 0.9626556634902954 | val acc 0.8028503656387329
lr=0.01 e=16: train acc 0.9922940731048584 | val acc 0.8598574995994568
lr=0.01 e=17: train acc 0.9668050408363342 | val acc 0.8004751205444336
lr=0.01 e=18: train acc 0.8393598198890686 | val acc 0.6935867071151733
lr=0.01 e=19: train acc 1.0 | val acc 0.8836104869842529
lr=0.01 e=20: train acc 0.9905157685279846 | val acc 0.8384798169136047
lr=0.01 e=21: train acc 0.9911085367202759 | val acc 0.8717340230941772
lr=0.01 e=22: train acc 0.9970362186431885 | val acc 0.8717340230941772
lr=0.01 e=23: train acc 0.9994072914123535 | val acc 0.9026128649711609
lr=0.01 e=24: train acc 0.998221755027771 | val acc 0.8907364010810852
lr=0.01 e=25: train acc 0.9733254909515381 | val acc 0.8147268891334534
lr=0.01 e=26: train acc 0.9988145232200623 | val acc 0.864608108997345
lr=0.01 e=27: train acc 1.0 | val acc 0.8978622555732727
lr=0.01 e=28: train acc 0.9899230003356934 | val acc 0.8194774985313416
lr=0.01 e=29: train acc 0.9994072914123535 | val acc 0.8788598775863647
lr=0.01 e=30: train acc 0.9994072914123535 | val acc 0.8812351822853088
lr=0.01 e=31: train acc 0.9899230003356934 | val acc 0.8361045718193054
lr=0.01 e=32: train acc 0.998221755027771 | val acc 0.8788598775863647
lr=0.01 e=33: train acc 0.9994072914123535 | val acc 0.8622328042984009
lr=0.01 e=34: train acc 0.9988145232200623 | val acc 0.8669834136962891
lr=0.01 e=35: train acc 1.0 | val acc 0.8788598775863647
lr=0.01 e=36: train acc 0.9994072914123535 | val acc 0.8669834136962891
lr=0.01 e=37: train acc 1.0 | val acc 0.8788598775863647
lr=0.01 e=38: train acc 1.0 | val acc 0.8717340230941772
lr=0.01 e=39: train acc 1.0 | val acc 0.8978622555732727
lr=0.01 e=40: train acc 1.0 | val acc 0.8883610963821411
lr=0.01 e=41: train acc 1.0 | val acc 0.8883610963821411
lr=0.01 e=42: train acc 1.0 | val acc 0.8836104869842529
lr=0.01 e=43: train acc 1.0 | val acc 0.8836104869842529
lr=0.01 e=44: train acc 1.0 | val acc 0.885985791683197
lr=0.01 e=45: train acc 1.0 | val acc 0.8788598775863647
lr=0.01 e=46: train acc 0.9288678765296936 | val acc 0.7672209143638611
lr=0.01 e=47: train acc 0.9970362186431885 | val acc 0.8931117057800293
lr=0.01 e=48: train acc 0.9994072914123535 | val acc 0.885985791683197
lr=0.01 e=49: train acc 0.9994072914123535 | val acc 0.8764845728874207
lr=0.01 e=50: train acc 1.0 | val acc 0.8836104869842529
lr=0.03 e=0: train acc 0.18909306824207306 | val acc 0.16864608228206635
lr=0.03 e=1: train acc 0.17308832705020905 | val acc 0.18289786577224731
lr=0.03 e=2: train acc 0.25666865706443787 | val acc 0.2399049997329712
lr=0.03 e=3: train acc 0.3283936083316803 | val acc 0.3301662802696228
lr=0.03 e=4: train acc 0.4611737132072449 | val acc 0.4655582010746002
lr=0.03 e=5: train acc 0.44694724678993225 | val acc 0.4228028655052185
lr=0.03 e=6: train acc 0.5939537882804871 | val acc 0.5653206706047058
lr=0.03 e=7: train acc 0.6307054162025452 | val acc 0.6152019500732422
lr=0.03 e=8: train acc 0.4931831955909729 | val acc 0.45130643248558044
lr=0.03 e=9: train acc 0.6923533082008362 | val acc 0.6080760359764099
lr=0.03 e=10: train acc 0.7196206450462341 | val acc 0.6650831699371338
lr=0.03 e=11: train acc 0.6099585294723511 | val acc 0.5795724987983704
lr=0.03 e=12: train acc 0.7664493322372437 | val acc 0.7054632306098938
lr=0.03 e=13: train acc 0.7783046960830688 | val acc 0.6983373165130615
lr=0.03 e=14: train acc 0.758150577545166 | val acc 0.669833779335022
lr=0.03 e=15: train acc 0.8263189196586609 | val acc 0.7434679865837097
lr=0.03 e=16: train acc 0.8672199249267578 | val acc 0.7458432912826538
lr=0.03 e=17: train acc 0.7018375992774963 | val acc 0.6009501218795776
lr=0.03 e=18: train acc 0.8885595798492432 | val acc 0.7505938410758972
lr=0.03 e=19: train acc 0.7622999548912048 | val acc 0.6389548778533936
lr=0.03 e=20: train acc 0.9122703671455383 | val acc 0.7197149991989136
lr=0.03 e=21: train acc 0.9579135179519653 | val acc 0.7672209143638611
lr=0.03 e=22: train acc 0.8529934883117676 | val acc 0.6793349385261536
lr=0.03 e=23: train acc 0.9353883266448975 | val acc 0.7743468284606934
lr=0.03 e=24: train acc 0.8660343885421753 | val acc 0.6888361573219299
lr=0.03 e=25: train acc 0.950207531452179 | val acc 0.7363420724868774
lr=0.03 e=26: train acc 0.9638411998748779 | val acc 0.7529691457748413
lr=0.03 e=27: train acc 0.9834025502204895 | val acc 0.786223292350769
lr=0.03 e=28: train acc 0.920569121837616 | val acc 0.7054632306098938
lr=0.03 e=29: train acc 0.9656195044517517 | val acc 0.7363420724868774
lr=0.03 e=30: train acc 0.9946651458740234 | val acc 0.786223292350769
lr=0.03 e=31: train acc 0.9934796094894409 | val acc 0.7957245111465454
lr=0.03 e=32: train acc 0.9614701271057129 | val acc 0.7600950598716736
lr=0.03 e=33: train acc 0.9946651458740234 | val acc 0.7719715237617493
lr=0.03 e=34: train acc 0.9988145232200623 | val acc 0.786223292350769
lr=0.03 e=35: train acc 0.9804387092590332 | val acc 0.7529691457748413
lr=0.03 e=36: train acc 0.995850682258606 | val acc 0.7672209143638611
lr=0.03 e=37: train acc 0.9863663911819458 | val acc 0.7529691457748413
lr=0.03 e=38: train acc 0.9590990543365479 | val acc 0.6912114024162292
lr=0.03 e=39: train acc 0.9917013049125671 | val acc 0.783847987651825
lr=0.03 e=40: train acc 0.998221755027771 | val acc 0.8004751205444336
lr=0.03 e=41: train acc 0.9774748682975769 | val acc 0.7577197551727295
lr=0.03 e=42: train acc 0.9988145232200623 | val acc 0.7672209143638611
lr=0.03 e=43: train acc 0.9976289868354797 | val acc 0.7885985970497131
lr=0.03 e=44: train acc 0.998221755027771 | val acc 0.783847987651825
lr=0.03 e=45: train acc 0.9964434504508972 | val acc 0.7814727425575256
lr=0.03 e=46: train acc 0.9994072914123535 | val acc 0.7909739017486572
lr=0.03 e=47: train acc 0.9994072914123535 | val acc 0.7909739017486572
lr=0.03 e=48: train acc 1.0 | val acc 0.8028503656387329
lr=0.03 e=49: train acc 0.9917013049125671 | val acc 0.764845609664917
lr=0.03 e=50: train acc 0.9922940731048584 | val acc 0.7909739017486572
lr=0.001 e=0: train acc 0.09958506375551224 | val acc 0.08313539624214172
lr=0.001 e=1: train acc 0.9792531728744507 | val acc 0.9073634743690491
lr=0.001 e=2: train acc 0.998221755027771 | val acc 0.9311164021492004
lr=0.001 e=3: train acc 1.0 | val acc 0.9501187801361084
lr=0.001 e=4: train acc 1.0 | val acc 0.9524940848350525
lr=0.001 e=5: train acc 1.0 | val acc 0.9501187801361084
lr=0.001 e=6: train acc 1.0 | val acc 0.9524940848350525
lr=0.001 e=7: train acc 1.0 | val acc 0.9429929256439209
lr=0.001 e=8: train acc 0.9994072914123535 | val acc 0.945368230342865
lr=0.001 e=9: train acc 1.0 | val acc 0.9572446942329407
lr=0.001 e=10: train acc 1.0 | val acc 0.9572446942329407
lr=0.001 e=11: train acc 1.0 | val acc 0.9572446942329407
lr=0.001 e=12: train acc 1.0 | val acc 0.9572446942329407
lr=0.001 e=13: train acc 1.0 | val acc 0.945368230342865
lr=0.001 e=14: train acc 1.0 | val acc 0.9501187801361084
lr=0.001 e=15: train acc 1.0 | val acc 0.9548693895339966
lr=0.001 e=16: train acc 1.0 | val acc 0.966745913028717
lr=0.001 e=17: train acc 1.0 | val acc 0.964370608329773
lr=0.001 e=18: train acc 1.0 | val acc 0.9548693895339966
lr=0.001 e=19: train acc 1.0 | val acc 0.9596199989318848
lr=0.001 e=20: train acc 1.0 | val acc 0.9572446942329407
lr=0.001 e=21: train acc 1.0 | val acc 0.9572446942329407
lr=0.001 e=22: train acc 1.0 | val acc 0.9596199989318848
lr=0.001 e=23: train acc 1.0 | val acc 0.9691211581230164
lr=0.001 e=24: train acc 1.0 | val acc 0.9596199989318848
lr=0.001 e=25: train acc 1.0 | val acc 0.964370608329773
lr=0.001 e=26: train acc 1.0 | val acc 0.9548693895339966
lr=0.001 e=27: train acc 1.0 | val acc 0.9501187801361084
lr=0.001 e=28: train acc 1.0 | val acc 0.964370608329773
lr=0.001 e=29: train acc 1.0 | val acc 0.9691211581230164
lr=0.001 e=30: train acc 1.0 | val acc 0.9596199989318848
lr=0.001 e=31: train acc 1.0 | val acc 0.9596199989318848
lr=0.001 e=32: train acc 1.0 | val acc 0.966745913028717
lr=0.001 e=33: train acc 1.0 | val acc 0.966745913028717
lr=0.001 e=34: train acc 1.0 | val acc 0.964370608329773
lr=0.001 e=35: train acc 1.0 | val acc 0.9714964628219604
lr=0.001 e=36: train acc 1.0 | val acc 0.966745913028717
lr=0.001 e=37: train acc 1.0 | val acc 0.9619953036308289
lr=0.001 e=38: train acc 1.0 | val acc 0.9619953036308289
lr=0.001 e=39: train acc 1.0 | val acc 0.9572446942329407
lr=0.001 e=40: train acc 1.0 | val acc 0.9596199989318848
lr=0.001 e=41: train acc 1.0 | val acc 0.9596199989318848
lr=0.001 e=42: train acc 1.0 | val acc 0.9596199989318848
lr=0.001 e=43: train acc 1.0 | val acc 0.966745913028717
lr=0.001 e=44: train acc 1.0 | val acc 0.964370608329773
lr=0.001 e=45: train acc 1.0 | val acc 0.964370608329773
lr=0.001 e=46: train acc 1.0 | val acc 0.9691211581230164
lr=0.001 e=47: train acc 1.0 | val acc 0.9596199989318848
lr=0.001 e=48: train acc 1.0 | val acc 0.9619953036308289
lr=0.001 e=49: train acc 1.0 | val acc 0.964370608329773
lr=0.001 e=50: train acc 1.0 | val acc 0.9596199989318848
lr=0.003 e=0: train acc 0.07053942233324051 | val acc 0.05700712651014328
lr=0.003 e=1: train acc 0.9217546582221985 | val acc 0.8907364010810852
lr=0.003 e=2: train acc 0.9762893319129944 | val acc 0.8812351822853088
lr=0.003 e=3: train acc 0.9994072914123535 | val acc 0.9358670115470886
lr=0.003 e=4: train acc 0.9988145232200623 | val acc 0.9429929256439209
lr=0.003 e=5: train acc 0.9970362186431885 | val acc 0.9239905476570129
lr=0.003 e=6: train acc 0.9994072914123535 | val acc 0.9548693895339966
lr=0.003 e=7: train acc 1.0 | val acc 0.945368230342865
lr=0.003 e=8: train acc 1.0 | val acc 0.9477435350418091
lr=0.003 e=9: train acc 0.9994072914123535 | val acc 0.9334917068481445
lr=0.003 e=10: train acc 0.998221755027771 | val acc 0.9311164021492004
lr=0.003 e=11: train acc 1.0 | val acc 0.9524940848350525
lr=0.003 e=12: train acc 1.0 | val acc 0.9406176209449768
lr=0.003 e=13: train acc 1.0 | val acc 0.9501187801361084
lr=0.003 e=14: train acc 1.0 | val acc 0.9406176209449768
lr=0.003 e=15: train acc 1.0 | val acc 0.9477435350418091
lr=0.003 e=16: train acc 1.0 | val acc 0.945368230342865
lr=0.003 e=17: train acc 1.0 | val acc 0.9429929256439209
lr=0.003 e=18: train acc 1.0 | val acc 0.9429929256439209
lr=0.003 e=19: train acc 0.9911085367202759 | val acc 0.9334917068481445
lr=0.003 e=20: train acc 1.0 | val acc 0.9524940848350525
lr=0.003 e=21: train acc 1.0 | val acc 0.9572446942329407
lr=0.003 e=22: train acc 1.0 | val acc 0.9548693895339966
lr=0.003 e=23: train acc 1.0 | val acc 0.9619953036308289
lr=0.003 e=24: train acc 1.0 | val acc 0.9596199989318848
lr=0.003 e=25: train acc 1.0 | val acc 0.9501187801361084
lr=0.003 e=26: train acc 1.0 | val acc 0.9501187801361084
lr=0.003 e=27: train acc 1.0 | val acc 0.945368230342865
lr=0.003 e=28: train acc 1.0 | val acc 0.9572446942329407
lr=0.003 e=29: train acc 1.0 | val acc 0.9572446942329407
lr=0.003 e=30: train acc 1.0 | val acc 0.9619953036308289
lr=0.003 e=31: train acc 1.0 | val acc 0.9524940848350525
lr=0.003 e=32: train acc 1.0 | val acc 0.945368230342865
lr=0.003 e=33: train acc 1.0 | val acc 0.9548693895339966
lr=0.003 e=34: train acc 1.0 | val acc 0.9382423162460327
lr=0.003 e=35: train acc 1.0 | val acc 0.9619953036308289
lr=0.003 e=36: train acc 1.0 | val acc 0.9548693895339966
lr=0.003 e=37: train acc 1.0 | val acc 0.9524940848350525
lr=0.003 e=38: train acc 1.0 | val acc 0.9596199989318848
lr=0.003 e=39: train acc 0.9994072914123535 | val acc 0.9382423162460327
lr=0.003 e=40: train acc 1.0 | val acc 0.9524940848350525
lr=0.003 e=41: train acc 1.0 | val acc 0.9596199989318848
lr=0.003 e=42: train acc 1.0 | val acc 0.9596199989318848
lr=0.003 e=43: train acc 1.0 | val acc 0.964370608329773
lr=0.003 e=44: train acc 1.0 | val acc 0.9572446942329407
lr=0.003 e=45: train acc 1.0 | val acc 0.9619953036308289
lr=0.003 e=46: train acc 1.0 | val acc 0.9501187801361084
lr=0.003 e=47: train acc 1.0 | val acc 0.9548693895339966
lr=0.003 e=48: train acc 1.0 | val acc 0.9596199989318848
lr=0.003 e=49: train acc 1.0 | val acc 0.9596199989318848
lr=0.003 e=50: train acc 1.0 | val acc 0.9572446942329407
lr=0.0001 e=0: train acc 0.17249555885791779 | val acc 0.16627079248428345
lr=0.0001 e=1: train acc 0.8168346285820007 | val acc 0.7814727425575256
lr=0.0001 e=2: train acc 0.8933017253875732 | val acc 0.8527316451072693
lr=0.0001 e=3: train acc 0.93657386302948 | val acc 0.8764845728874207
lr=0.0001 e=4: train acc 0.9555424451828003 | val acc 0.885985791683197
lr=0.0001 e=5: train acc 0.9739182591438293 | val acc 0.8931117057800293
lr=0.0001 e=6: train acc 0.982217013835907 | val acc 0.9073634743690491
lr=0.0001 e=7: train acc 0.9922940731048584 | val acc 0.9168646335601807
lr=0.0001 e=8: train acc 0.995850682258606 | val acc 0.9144893288612366
lr=0.0001 e=9: train acc 0.998221755027771 | val acc 0.9144893288612366
lr=0.0001 e=10: train acc 0.995850682258606 | val acc 0.9144893288612366
lr=0.0001 e=11: train acc 0.998221755027771 | val acc 0.9168646335601807
lr=0.0001 e=12: train acc 0.9988145232200623 | val acc 0.9168646335601807
lr=0.0001 e=13: train acc 0.9988145232200623 | val acc 0.9287411570549011
lr=0.0001 e=14: train acc 0.9994072914123535 | val acc 0.9382423162460327
lr=0.0001 e=15: train acc 1.0 | val acc 0.9334917068481445
lr=0.0001 e=16: train acc 1.0 | val acc 0.9239905476570129
lr=0.0001 e=17: train acc 1.0 | val acc 0.9334917068481445
lr=0.0001 e=18: train acc 1.0 | val acc 0.9382423162460327
lr=0.0001 e=19: train acc 1.0 | val acc 0.9382423162460327
lr=0.0001 e=20: train acc 1.0 | val acc 0.9382423162460327
lr=0.0001 e=21: train acc 1.0 | val acc 0.9311164021492004
lr=0.0001 e=22: train acc 1.0 | val acc 0.9406176209449768
lr=0.0001 e=23: train acc 1.0 | val acc 0.9429929256439209
lr=0.0001 e=24: train acc 1.0 | val acc 0.9358670115470886
lr=0.0001 e=25: train acc 1.0 | val acc 0.9406176209449768
lr=0.0001 e=26: train acc 1.0 | val acc 0.9358670115470886
lr=0.0001 e=27: train acc 1.0 | val acc 0.9382423162460327
lr=0.0001 e=28: train acc 1.0 | val acc 0.9429929256439209
lr=0.0001 e=29: train acc 1.0 | val acc 0.9501187801361084
lr=0.0001 e=30: train acc 1.0 | val acc 0.9382423162460327
lr=0.0001 e=31: train acc 1.0 | val acc 0.9358670115470886
lr=0.0001 e=32: train acc 1.0 | val acc 0.945368230342865
lr=0.0001 e=33: train acc 1.0 | val acc 0.9406176209449768
lr=0.0001 e=34: train acc 1.0 | val acc 0.9501187801361084
lr=0.0001 e=35: train acc 1.0 | val acc 0.9429929256439209
lr=0.0001 e=36: train acc 1.0 | val acc 0.9406176209449768
lr=0.0001 e=37: train acc 1.0 | val acc 0.9477435350418091
lr=0.0001 e=38: train acc 1.0 | val acc 0.9501187801361084
lr=0.0001 e=39: train acc 1.0 | val acc 0.9406176209449768
lr=0.0001 e=40: train acc 1.0 | val acc 0.9406176209449768
lr=0.0001 e=41: train acc 1.0 | val acc 0.9406176209449768
lr=0.0001 e=42: train acc 1.0 | val acc 0.9382423162460327
lr=0.0001 e=43: train acc 1.0 | val acc 0.9524940848350525
lr=0.0001 e=44: train acc 1.0 | val acc 0.9406176209449768
lr=0.0001 e=45: train acc 1.0 | val acc 0.945368230342865
lr=0.0001 e=46: train acc 1.0 | val acc 0.945368230342865
lr=0.0001 e=47: train acc 1.0 | val acc 0.945368230342865
lr=0.0001 e=48: train acc 1.0 | val acc 0.9501187801361084
lr=0.0001 e=49: train acc 1.0 | val acc 0.9524940848350525
lr=0.0001 e=50: train acc 1.0 | val acc 0.9477435350418091

best validation accuracy: 0.9714964628219604
best learning rate: 0.001
best stopping epoch: 35

test accuracy: 0.9279661178588867
test loss: 73.13192114979029
